#
# A fatal error has been detected by the Java Runtime Environment:
#
#  EXCEPTION_ACCESS_VIOLATION (0xc0000005) at pc=0x00007fff6b6112b2, pid=19312, tid=12368
#
# JRE version: OpenJDK Runtime Environment GraalVM CE 22.3.0 (17.0.5+8) (build 17.0.5+8-jvmci-22.3-b08)
# Java VM: OpenJDK 64-Bit Server VM GraalVM CE 22.3.0 (17.0.5+8-jvmci-22.3-b08, mixed mode, sharing, tiered, jvmci, jvmci compiler, compressed oops, compressed class ptrs, g1 gc, windows-amd64)
# Problematic frame:
# V  [jvm.dll+0x3e12b2]
#
# No core dump will be written. Minidumps are not enabled by default on client versions of Windows
#
# If you would like to submit a bug report, please visit:
#   https://github.com/oracle/graal/issues
#

---------------  S U M M A R Y ------------

Command Line: -XX:ThreadPriorityPolicy=1 -XX:+UnlockExperimentalVMOptions -XX:+EnableJVMCIProduct -XX:JVMCIThreadsPerNativeLibraryRuntime=1 -XX:-UnlockExperimentalVMOptions -agentlib:jdwp=transport=dt_socket,address=127.0.0.1:63401,suspend=y,server=n -Djava.library.path=C:\Users\jacob\OneDrive\Desktop\Projects\coeditor\build\classes\kotlin\jvm\main;C:\Users\jacob\OneDrive\Desktop\Projects\coeditor\build\processedResources\jvm\main -javaagent:C:/Users/jacob/.gradle/caches/modules-2/files-2.1/org.jetbrains.kotlinx/kotlinx-coroutines-core-jvm/1.6.1/97fd74ccf54a863d221956ffcd21835e168e2aaa/kotlinx-coroutines-core-jvm-1.6.1.jar -javaagent:C:\Users\jacob\AppData\Local\JetBrains\IntelliJIdea2022.2\captureAgent\debugger-agent.jar=file:/C:/Users/jacob/AppData/Local/Temp/capture.props -Dfile.encoding=UTF-8 MainKt

Host: AMD Ryzen 3 3100 4-Core Processor              , 8 cores, 15G,  Windows 10 , 64 bit Build 19041 (10.0.19041.2364)
Time: Fri Jan  6 12:06:01 2023 Central Standard Time elapsed time: 2.475476 seconds (0d 0h 0m 2s)

---------------  T H R E A D  ---------------

Current thread (0x000001d7de4f5980):  JavaThread "AWT-EventQueue-0" [_thread_in_vm, id=12368, stack(0x0000004df6500000,0x0000004df6600000)]

Stack: [0x0000004df6500000,0x0000004df6600000],  sp=0x0000004df65fd8a0,  free space=1014k
Native frames: (J=compiled Java code, j=interpreted, Vv=VM code, C=native code)
V  [jvm.dll+0x3e12b2]
C  [skiko-windows-x64.dll+0x57c6c]

Java frames: (J=compiled Java code, j=interpreted, Vv=VM code)
j  org.jetbrains.skiko.redrawer.Direct3DRedrawer.initSwapChain(J)V+0
j  org.jetbrains.skiko.redrawer.Direct3DRedrawer.initSwapChain()V+5
j  org.jetbrains.skiko.context.Direct3DContextHandler.initCanvas()V+87
j  org.jetbrains.skiko.context.ContextHandler.draw()V+21
j  org.jetbrains.skiko.redrawer.Direct3DRedrawer.drawAndSwap(Z)V+21
j  org.jetbrains.skiko.redrawer.Direct3DRedrawer.redrawImmediately()V+182
j  org.jetbrains.skiko.SkiaLayer.paint(Ljava/awt/Graphics;)V+85
j  androidx.compose.ui.awt.ComposeLayer$ComponentImpl.paint(Ljava/awt/Graphics;)V+12
j  javax.swing.JComponent.paintChildren(Ljava/awt/Graphics;)V+523 java.desktop@17.0.5
j  javax.swing.JComponent.paint(Ljava/awt/Graphics;)V+318 java.desktop@17.0.5
j  javax.swing.JLayeredPane.paint(Ljava/awt/Graphics;)V+73 java.desktop@17.0.5
j  javax.swing.JComponent.paintChildren(Ljava/awt/Graphics;)V+523 java.desktop@17.0.5
j  javax.swing.JComponent.paint(Ljava/awt/Graphics;)V+318 java.desktop@17.0.5
j  androidx.compose.ui.window.Window_desktopKt$Window$11$1.invoke(Landroidx/compose/ui/awt/ComposeWindow;)V+70
j  androidx.compose.ui.window.Window_desktopKt$Window$11$1.invoke(Ljava/lang/Object;)Ljava/lang/Object;+5
j  androidx.compose.ui.window.AwtWindow_desktopKt$AwtWindow$3.invoke()V+13
j  androidx.compose.ui.window.AwtWindow_desktopKt$AwtWindow$3.invoke()Ljava/lang/Object;+1
j  androidx.compose.ui.util.UpdateEffect_desktopKt$UpdateEffect$2$performUpdate$1.invoke()V+7
j  androidx.compose.ui.util.UpdateEffect_desktopKt$UpdateEffect$2$performUpdate$1.invoke()Ljava/lang/Object;+1
j  androidx.compose.runtime.snapshots.Snapshot$Companion.observe(Lkotlin/jvm/functions/Function1;Lkotlin/jvm/functions/Function1;Lkotlin/jvm/functions/Function0;)Ljava/lang/Object;+108
j  androidx.compose.runtime.snapshots.SnapshotStateObserver.observeReads(Ljava/lang/Object;Lkotlin/jvm/functions/Function1;Lkotlin/jvm/functions/Function0;)V+131
j  androidx.compose.ui.util.UpdateEffect_desktopKt$UpdateEffect$2.invoke$performUpdate(Landroidx/compose/runtime/snapshots/SnapshotStateObserver;Lkotlin/jvm/internal/Ref$ObjectRef;Landroidx/compose/runtime/State;)V+38
j  androidx.compose.ui.util.UpdateEffect_desktopKt$UpdateEffect$2.invoke(Landroidx/compose/runtime/DisposableEffectScope;)Landroidx/compose/runtime/DisposableEffectResult;+59
j  androidx.compose.ui.util.UpdateEffect_desktopKt$UpdateEffect$2.invoke(Ljava/lang/Object;)Ljava/lang/Object;+5
j  androidx.compose.runtime.DisposableEffectImpl.onRemembered()V+8
j  androidx.compose.runtime.CompositionImpl$RememberEventDispatcher.dispatchRememberObservers()V+234
j  androidx.compose.runtime.CompositionImpl.applyChangesInLocked(Ljava/util/List;)V+245
j  androidx.compose.runtime.CompositionImpl.applyChanges()V+20
j  androidx.compose.runtime.Recomposer.composeInitial$runtime(Landroidx/compose/runtime/ControlledComposition;Lkotlin/jvm/functions/Function2;)V+243
j  androidx.compose.runtime.CompositionImpl.setContent(Lkotlin/jvm/functions/Function2;)V+55
j  androidx.compose.ui.window.Application_desktopKt$awaitApplication$2$1$2.invokeSuspend(Ljava/lang/Object;)Ljava/lang/Object;+89
j  kotlin.coroutines.jvm.internal.BaseContinuationImpl.resumeWith(Ljava/lang/Object;)V+44
j  kotlinx.coroutines.DispatchedTask.run()V+322
j  java.awt.event.InvocationEvent.dispatch$$$capture()V+47 java.desktop@17.0.5
j  java.awt.event.InvocationEvent.dispatch()V+5 java.desktop@17.0.5
j  java.awt.EventQueue.dispatchEventImpl(Ljava/awt/AWTEvent;Ljava/lang/Object;)V+21 java.desktop@17.0.5
j  java.awt.EventQueue$4.run()Ljava/lang/Void;+32 java.desktop@17.0.5
j  java.awt.EventQueue$4.run()Ljava/lang/Object;+1 java.desktop@17.0.5
j  java.security.AccessController.executePrivileged(Ljava/security/PrivilegedAction;Ljava/security/AccessControlContext;Ljava/lang/Class;)Ljava/lang/Object;+29 java.base@17.0.5
j  java.security.AccessController.doPrivileged(Ljava/security/PrivilegedAction;Ljava/security/AccessControlContext;)Ljava/lang/Object;+13 java.base@17.0.5
j  java.security.ProtectionDomain$JavaSecurityAccessImpl.doIntersectionPrivilege(Ljava/security/PrivilegedAction;Ljava/security/AccessControlContext;Ljava/security/AccessControlContext;)Ljava/lang/Object;+18 java.base@17.0.5
j  java.awt.EventQueue.dispatchEvent(Ljava/awt/AWTEvent;)V+46 java.desktop@17.0.5
j  java.awt.EventDispatchThread.pumpOneEventForFilters(I)V+78 java.desktop@17.0.5
j  java.awt.EventDispatchThread.pumpEventsForFilter(ILjava/awt/Conditional;Ljava/awt/EventFilter;)V+35 java.desktop@17.0.5
j  java.awt.EventDispatchThread.pumpEventsForHierarchy(ILjava/awt/Conditional;Ljava/awt/Component;)V+11 java.desktop@17.0.5
j  java.awt.EventDispatchThread.pumpEvents(ILjava/awt/Conditional;)V+4 java.desktop@17.0.5
j  java.awt.EventDispatchThread.pumpEvents(Ljava/awt/Conditional;)V+3 java.desktop@17.0.5
j  java.awt.EventDispatchThread.run()V+9 java.desktop@17.0.5
v  ~StubRoutines::call_stub

siginfo: EXCEPTION_ACCESS_VIOLATION (0xc0000005), reading address 0x0000000000000000


Register to memory mapping:

RIP=0x00007fff6b6112b2 jvm.dll
RAX=0x0 is NULL
RBX=0x000001d7de4f5980 is a thread
RCX=0x644bfca444e20000 is an unknown value
RDX=0x000001d7da611da8 is a global jni handle
RSP=0x0000004df65fd8a0 is pointing into the stack for thread: 0x000001d7de4f5980
RBP=0x0000004df65fd998 is pointing into the stack for thread: 0x000001d7de4f5980
RSI=0x0 is NULL
RDI=0x000001d7de4f5c28 points into unknown readable memory: 0x00007fff6bcbd660 | 60 d6 cb 6b ff 7f 00 00
R8 =0x0 is NULL
R9 =0x0000004df65fd998 is pointing into the stack for thread: 0x000001d7de4f5980
R10=0x000001d7de4f5980 is a thread
R11=0x0000004df65fd898 is pointing into the stack for thread: 0x000001d7de4f5980
R12=0x0 is NULL
R13={method} {0x000001d7e666c6c8} 'initSwapChain' '(J)V' in 'org/jetbrains/skiko/redrawer/Direct3DRedrawer'
R14=0x0000004df65fdb80 is pointing into the stack for thread: 0x000001d7de4f5980
R15=0x000001d7de4f5980 is a thread


Registers:
RAX=0x0000000000000000, RBX=0x000001d7de4f5980, RCX=0x644bfca444e20000, RDX=0x000001d7da611da8
RSP=0x0000004df65fd8a0, RBP=0x0000004df65fd998, RSI=0x0000000000000000, RDI=0x000001d7de4f5c28
R8 =0x0000000000000000, R9 =0x0000004df65fd998, R10=0x000001d7de4f5980, R11=0x0000004df65fd898
R12=0x0000000000000000, R13=0x000001d7e666c6c0, R14=0x0000004df65fdb80, R15=0x000001d7de4f5980
RIP=0x00007fff6b6112b2, EFLAGS=0x0000000000010206

Top of Stack: (sp=0x0000004df65fd8a0)
0x0000004df65fd8a0:   000001d7de4f5980 0000000000000000
0x0000004df65fd8b0:   0000000000000084 0000004df65fdb80
0x0000004df65fd8c0:   000001d7e666c6c0 0000000000000000
0x0000004df65fd8d0:   0000004df65fd9b0 00007fff6b634eaa
0x0000004df65fd8e0:   000001d7de4f5980 000001d7de4f5980
0x0000004df65fd8f0:   000001d7de4f5980 000001d7de09b2a8
0x0000004df65fd900:   000001d700000453 00007fff6bb2ab20
0x0000004df65fd910:   000001d7e666c6c0 0000000000000000
0x0000004df65fd920:   0000004df65fd9b0 00007fff6b6153c7
0x0000004df65fd930:   000001d7de4f5980 0000004df65fdb50
0x0000004df65fd940:   0000004df65fdb80 00007fff66de7c6c
0x0000004df65fd950:   000001d7de4f5c28 0000004df65fdb50
0x0000004df65fd960:   000001d7e6959e38 000001d7df247834
0x0000004df65fd970:   000001d7df247834 00007fff66de812c
0x0000004df65fd980:   000001d7de4f5c28 000001d7e6959e38
0x0000004df65fd990:   0000000000000000 000001d7de46e2e8 

Instructions: (pc=0x00007fff6b6112b2)
0x00007fff6b6111b2:   4b 08 48 8b 43 10 48 89 41 10 48 8b 4b 08 48 8b
0x00007fff6b6111c2:   43 18 48 89 41 18 48 8b 4b 08 48 8b 43 20 48 89
0x00007fff6b6111d2:   41 20 48 8d 8f 88 02 00 00 e8 50 47 ee ff 90 c7
0x00007fff6b6111e2:   87 38 03 00 00 04 00 00 00 48 81 c4 b0 00 00 00
0x00007fff6b6111f2:   41 5e 5f 5e 5d 5b c3 cc cc cc cc cc cc cc 48 89
0x00007fff6b611202:   5c 24 08 48 89 6c 24 10 48 89 74 24 18 48 89 7c
0x00007fff6b611212:   24 20 41 56 48 81 ec a0 00 00 00 8b 81 b8 00 00
0x00007fff6b611222:   00 48 8d 99 58 fd ff ff 05 55 21 ff ff 49 8b e9
0x00007fff6b611232:   49 8b f0 48 8b f9 83 f8 01 76 0a 48 8b cb e8 ab
0x00007fff6b611242:   37 39 00 33 db c7 83 38 03 00 00 05 00 00 00 e8
0x00007fff6b611252:   ca 69 27 00 90 48 8b 83 40 03 00 00 a8 01 74 0a
0x00007fff6b611262:   b2 01 48 8b cb e8 54 64 2e 00 83 bb 2c 03 00 00
0x00007fff6b611272:   00 75 0a 8b 83 28 03 00 00 a8 0c 74 0a 33 d2 48
0x00007fff6b611282:   8b cb e8 f7 5f 39 00 c7 83 38 03 00 00 06 00 00
0x00007fff6b611292:   00 48 83 7b 08 00 48 89 5c 24 50 48 c7 44 24 58
0x00007fff6b6112a2:   00 00 00 00 74 0a 48 8d 4c 24 50 e8 3e 03 2b 00
0x00007fff6b6112b2:   48 8b 16 48 8d 4c 24 70 c7 44 24 40 0e 00 00 00
0x00007fff6b6112c2:   e8 c9 62 00 00 48 8d 44 24 70 48 89 5c 24 30 48
0x00007fff6b6112d2:   89 44 24 28 4c 8d 35 cb 98 51 00 45 33 c9 48 89
0x00007fff6b6112e2:   74 24 20 45 33 c0 4c 89 74 24 70 48 8d 54 24 40
0x00007fff6b6112f2:   48 89 ac 24 98 00 00 00 48 8b cf e8 8e 76 00 00
0x00007fff6b611302:   48 83 7c 24 58 00 4c 89 74 24 70 48 c7 84 24 98
0x00007fff6b611312:   00 00 00 00 00 00 00 74 0a 48 8d 4c 24 50 e8 6b
0x00007fff6b611322:   03 2b 00 48 8b bb e8 00 00 00 48 8b 47 10 48 83
0x00007fff6b611332:   38 00 74 08 48 8b cf e8 d2 4f f6 ff 48 8b 4f 08
0x00007fff6b611342:   48 8b 47 10 48 89 41 10 48 8b 4f 08 48 8b 47 18
0x00007fff6b611352:   48 89 41 18 48 8b 4f 08 48 8b 47 20 48 89 41 20
0x00007fff6b611362:   48 8d 8b 88 02 00 00 e8 c2 45 ee ff 4c 8d 9c 24
0x00007fff6b611372:   a0 00 00 00 90 49 8b 6b 18 49 8b 73 20 49 8b 7b
0x00007fff6b611382:   28 c7 83 38 03 00 00 04 00 00 00 49 8b 5b 10 49
0x00007fff6b611392:   8b e3 41 5e c3 cc cc cc cc cc cc cc cc cc 48 89
0x00007fff6b6113a2:   5c 24 08 48 89 6c 24 10 48 89 74 24 18 57 48 81 


Stack slot to memory mapping:
stack at sp + 0 slots: 0x000001d7de4f5980 is a thread
stack at sp + 1 slots: 0x0 is NULL
stack at sp + 2 slots: 0x0000000000000084 is an unknown value
stack at sp + 3 slots: 0x0000004df65fdb80 is pointing into the stack for thread: 0x000001d7de4f5980
stack at sp + 4 slots: {method} {0x000001d7e666c6c8} 'initSwapChain' '(J)V' in 'org/jetbrains/skiko/redrawer/Direct3DRedrawer'
stack at sp + 5 slots: 0x0 is NULL
stack at sp + 6 slots: 0x0000004df65fd9b0 is pointing into the stack for thread: 0x000001d7de4f5980
stack at sp + 7 slots: 0x00007fff6b634eaa jvm.dll


---------------  P R O C E S S  ---------------

Threads class SMR info:
_java_thread_list=0x000001d7df0ac1e0, length=25, elements={
0x000001d7b561f400, 0x000001d7da603db0, 0x000001d7da604b40, 0x000001d7da615c10,
0x000001d7da61b500, 0x000001d7da61cde0, 0x000001d7da61d6b0, 0x000001d7db009500,
0x000001d7db011e20, 0x000001d7db024f00, 0x000001d7da5ece70, 0x000001d7db11a920,
0x000001d7db11d000, 0x000001d7db1d1460, 0x000001d7ddf36c50, 0x000001d7ddfb3340,
0x000001d7de490410, 0x000001d7de4dca90, 0x000001d7de4f5980, 0x000001d7de4f5e90,
0x000001d7de4f63a0, 0x000001d7de4f68b0, 0x000001d7de4f3b20, 0x000001d7de4f4f60,
0x000001d7de4f3100
}

Java Threads: ( => current thread )
  0x000001d7b561f400 JavaThread "main" [_thread_blocked, id=16528, stack(0x0000004df4200000,0x0000004df4300000)]
  0x000001d7da603db0 JavaThread "Reference Handler" daemon [_thread_blocked, id=3852, stack(0x0000004df4900000,0x0000004df4a00000)]
  0x000001d7da604b40 JavaThread "Finalizer" daemon [_thread_blocked, id=15876, stack(0x0000004df4a00000,0x0000004df4b00000)]
  0x000001d7da615c10 JavaThread "Signal Dispatcher" daemon [_thread_blocked, id=16768, stack(0x0000004df4b00000,0x0000004df4c00000)]
  0x000001d7da61b500 JavaThread "Attach Listener" daemon [_thread_blocked, id=23344, stack(0x0000004df4c00000,0x0000004df4d00000)]
  0x000001d7da61cde0 JavaThread "Service Thread" daemon [_thread_blocked, id=4260, stack(0x0000004df4d00000,0x0000004df4e00000)]
  0x000001d7da61d6b0 JavaThread "Monitor Deflation Thread" daemon [_thread_blocked, id=23688, stack(0x0000004df4e00000,0x0000004df4f00000)]
  0x000001d7db009500 JavaThread "JVMCI-native CompilerThread0" daemon [_thread_blocked, id=15900, stack(0x0000004df4f00000,0x0000004df5000000)]
  0x000001d7db011e20 JavaThread "C1 CompilerThread0" daemon [_thread_blocked, id=11112, stack(0x0000004df5000000,0x0000004df5100000)]
  0x000001d7db024f00 JavaThread "Sweeper thread" daemon [_thread_blocked, id=23524, stack(0x0000004df5100000,0x0000004df5200000)]
  0x000001d7da5ece70 JavaThread "Common-Cleaner" daemon [_thread_blocked, id=20064, stack(0x0000004df5200000,0x0000004df5300000)]
  0x000001d7db11a920 JavaThread "C1 CompilerThread1" daemon [_thread_blocked, id=13004, stack(0x0000004df5300000,0x0000004df5400000)]
  0x000001d7db11d000 JavaThread "C1 CompilerThread2" daemon [_thread_blocked, id=20852, stack(0x0000004df5400000,0x0000004df5500000)]
  0x000001d7db1d1460 JavaThread "JDWP Event Helper Thread" daemon [_thread_blocked, id=18424, stack(0x0000004df5600000,0x0000004df5700000)]
  0x000001d7ddf36c50 JavaThread "Coroutines Debugger Cleaner" daemon [_thread_blocked, id=12192, stack(0x0000004df5800000,0x0000004df5900000)]
  0x000001d7ddfb3340 JavaThread "Notification Thread" daemon [_thread_blocked, id=16904, stack(0x0000004df5900000,0x0000004df5a00000)]
  0x000001d7de490410 JavaThread "Java2D Disposer" daemon [_thread_blocked, id=3640, stack(0x0000004df6200000,0x0000004df6300000)]
  0x000001d7de4dca90 JavaThread "AWT-Shutdown" [_thread_blocked, id=5248, stack(0x0000004df6300000,0x0000004df6400000)]
=>0x000001d7de4f5980 JavaThread "AWT-EventQueue-0" [_thread_in_vm, id=12368, stack(0x0000004df6500000,0x0000004df6600000)]
  0x000001d7de4f5e90 JavaThread "DefaultDispatcher-worker-1" daemon [_thread_blocked, id=9772, stack(0x0000004df6800000,0x0000004df6900000)]
  0x000001d7de4f63a0 JavaThread "DefaultDispatcher-worker-2" daemon [_thread_blocked, id=5176, stack(0x0000004df6900000,0x0000004df6a00000)]
  0x000001d7de4f68b0 JavaThread "DefaultDispatcher-worker-3" daemon [_thread_blocked, id=15184, stack(0x0000004df6a00000,0x0000004df6b00000)]
  0x000001d7de4f3b20 JavaThread "kotlinx.coroutines.DefaultExecutor" daemon [_thread_blocked, id=12168, stack(0x0000004df6b00000,0x0000004df6c00000)]
  0x000001d7de4f4f60 JavaThread "Reference Cleaner" daemon [_thread_blocked, id=19556, stack(0x0000004df6c00000,0x0000004df6d00000)]
  0x000001d7de4f3100 JavaThread "SIGINT handler" daemon [_thread_blocked, id=23724, stack(0x0000004df5700000,0x0000004df5800000)]

Other Threads:
  0x000001d7da5fe9e0 VMThread "VM Thread" [stack: 0x0000004df4800000,0x0000004df4900000] [id=3752]
  0x000001d7b56acf00 WatcherThread [stack: 0x0000004df5a00000,0x0000004df5b00000] [id=23072]
  0x000001d7b568b7b0 GCTaskThread "GC Thread#0" [stack: 0x0000004df4300000,0x0000004df4400000] [id=1612]
  0x000001d7de348640 GCTaskThread "GC Thread#1" [stack: 0x0000004df5b00000,0x0000004df5c00000] [id=23204]
  0x000001d7de3488f0 GCTaskThread "GC Thread#2" [stack: 0x0000004df5c00000,0x0000004df5d00000] [id=12984]
  0x000001d7de348ba0 GCTaskThread "GC Thread#3" [stack: 0x0000004df5d00000,0x0000004df5e00000] [id=11600]
  0x000001d7de349660 GCTaskThread "GC Thread#4" [stack: 0x0000004df5e00000,0x0000004df5f00000] [id=9192]
  0x000001d7de349910 GCTaskThread "GC Thread#5" [stack: 0x0000004df5f00000,0x0000004df6000000] [id=14812]
  0x000001d7de301700 GCTaskThread "GC Thread#6" [stack: 0x0000004df6000000,0x0000004df6100000] [id=22040]
  0x000001d7de302dd0 GCTaskThread "GC Thread#7" [stack: 0x0000004df6100000,0x0000004df6200000] [id=20692]
  0x000001d7b569c540 ConcurrentGCThread "G1 Main Marker" [stack: 0x0000004df4400000,0x0000004df4500000] [id=9588]
  0x000001d7b569e610 ConcurrentGCThread "G1 Conc#0" [stack: 0x0000004df4500000,0x0000004df4600000] [id=20752]
  0x000001d7b56debc0 ConcurrentGCThread "G1 Refine#0" [stack: 0x0000004df4600000,0x0000004df4700000] [id=23444]
  0x000001d7da4b7a60 ConcurrentGCThread "G1 Service" [stack: 0x0000004df4700000,0x0000004df4800000] [id=3320]

Threads with active compile tasks:

VM state: not at safepoint (normal execution)

VM Mutex/Monitor currently owned by a thread: None

Heap address: 0x0000000700c00000, size: 4084 MB, Compressed Oops mode: Zero based, Oop shift amount: 3

CDS archive(s) mapped at: [0x0000000800000000-0x0000000800bc0000-0x0000000800bc0000), size 12320768, SharedBaseAddress: 0x0000000800000000, ArchiveRelocationMode: 0.
Compressed class space mapped at: 0x0000000800c00000-0x0000000840c00000, reserved size: 1073741824
Narrow klass base: 0x0000000800000000, Narrow klass shift: 0, Narrow klass range: 0x100000000

GC Precious Log:
 CPUs: 8 total, 8 available
 Memory: 16333M
 Large Page Support: Disabled
 NUMA Support: Disabled
 Compressed Oops: Enabled (Zero based)
 Heap Region Size: 2M
 Heap Min Capacity: 8M
 Heap Initial Capacity: 256M
 Heap Max Capacity: 4084M
 Pre-touch: Disabled
 Parallel Workers: 8
 Concurrent Workers: 2
 Concurrent Refinement Workers: 8
 Periodic GC: Disabled

Heap:
 garbage-first heap   total 262144K, used 39585K [0x0000000700c00000, 0x0000000800000000)
  region size 2048K, 19 young (38912K), 1 survivors (2048K)
 Metaspace       used 16390K, committed 16640K, reserved 1064960K
  class space    used 1677K, committed 1792K, reserved 1048576K

Heap Regions: E=young(eden), S=young(survivor), O=old, HS=humongous(starts), HC=humongous(continues), CS=collection set, F=free, OA=open archive, CA=closed archive, TAMS=top-at-mark-start (previous, next)
|   0|0x0000000700c00000, 0x0000000700e00000, 0x0000000700e00000|100%| O|  |TAMS 0x0000000700c00000, 0x0000000700c00000| Untracked 
|   1|0x0000000700e00000, 0x0000000700f26c00, 0x0000000701000000| 57%| O|  |TAMS 0x0000000700e00000, 0x0000000700e00000| Untracked 
|   2|0x0000000701000000, 0x0000000701000000, 0x0000000701200000|  0%| F|  |TAMS 0x0000000701000000, 0x0000000701000000| Untracked 
|   3|0x0000000701200000, 0x0000000701200000, 0x0000000701400000|  0%| F|  |TAMS 0x0000000701200000, 0x0000000701200000| Untracked 
|   4|0x0000000701400000, 0x0000000701400000, 0x0000000701600000|  0%| F|  |TAMS 0x0000000701400000, 0x0000000701400000| Untracked 
|   5|0x0000000701600000, 0x0000000701600000, 0x0000000701800000|  0%| F|  |TAMS 0x0000000701600000, 0x0000000701600000| Untracked 
|   6|0x0000000701800000, 0x0000000701800000, 0x0000000701a00000|  0%| F|  |TAMS 0x0000000701800000, 0x0000000701800000| Untracked 
|   7|0x0000000701a00000, 0x0000000701a00000, 0x0000000701c00000|  0%| F|  |TAMS 0x0000000701a00000, 0x0000000701a00000| Untracked 
|   8|0x0000000701c00000, 0x0000000701c00000, 0x0000000701e00000|  0%| F|  |TAMS 0x0000000701c00000, 0x0000000701c00000| Untracked 
|   9|0x0000000701e00000, 0x0000000701e00000, 0x0000000702000000|  0%| F|  |TAMS 0x0000000701e00000, 0x0000000701e00000| Untracked 
|  10|0x0000000702000000, 0x0000000702000000, 0x0000000702200000|  0%| F|  |TAMS 0x0000000702000000, 0x0000000702000000| Untracked 
|  11|0x0000000702200000, 0x0000000702200000, 0x0000000702400000|  0%| F|  |TAMS 0x0000000702200000, 0x0000000702200000| Untracked 
|  12|0x0000000702400000, 0x0000000702400000, 0x0000000702600000|  0%| F|  |TAMS 0x0000000702400000, 0x0000000702400000| Untracked 
|  13|0x0000000702600000, 0x0000000702600000, 0x0000000702800000|  0%| F|  |TAMS 0x0000000702600000, 0x0000000702600000| Untracked 
|  14|0x0000000702800000, 0x0000000702800000, 0x0000000702a00000|  0%| F|  |TAMS 0x0000000702800000, 0x0000000702800000| Untracked 
|  15|0x0000000702a00000, 0x0000000702a00000, 0x0000000702c00000|  0%| F|  |TAMS 0x0000000702a00000, 0x0000000702a00000| Untracked 
|  16|0x0000000702c00000, 0x0000000702c00000, 0x0000000702e00000|  0%| F|  |TAMS 0x0000000702c00000, 0x0000000702c00000| Untracked 
|  17|0x0000000702e00000, 0x0000000702e00000, 0x0000000703000000|  0%| F|  |TAMS 0x0000000702e00000, 0x0000000702e00000| Untracked 
|  18|0x0000000703000000, 0x0000000703000000, 0x0000000703200000|  0%| F|  |TAMS 0x0000000703000000, 0x0000000703000000| Untracked 
|  19|0x0000000703200000, 0x0000000703200000, 0x0000000703400000|  0%| F|  |TAMS 0x0000000703200000, 0x0000000703200000| Untracked 
|  20|0x0000000703400000, 0x0000000703400000, 0x0000000703600000|  0%| F|  |TAMS 0x0000000703400000, 0x0000000703400000| Untracked 
|  21|0x0000000703600000, 0x0000000703600000, 0x0000000703800000|  0%| F|  |TAMS 0x0000000703600000, 0x0000000703600000| Untracked 
|  22|0x0000000703800000, 0x0000000703800000, 0x0000000703a00000|  0%| F|  |TAMS 0x0000000703800000, 0x0000000703800000| Untracked 
|  23|0x0000000703a00000, 0x0000000703a00000, 0x0000000703c00000|  0%| F|  |TAMS 0x0000000703a00000, 0x0000000703a00000| Untracked 
|  24|0x0000000703c00000, 0x0000000703c00000, 0x0000000703e00000|  0%| F|  |TAMS 0x0000000703c00000, 0x0000000703c00000| Untracked 
|  25|0x0000000703e00000, 0x0000000703e00000, 0x0000000704000000|  0%| F|  |TAMS 0x0000000703e00000, 0x0000000703e00000| Untracked 
|  26|0x0000000704000000, 0x0000000704000000, 0x0000000704200000|  0%| F|  |TAMS 0x0000000704000000, 0x0000000704000000| Untracked 
|  27|0x0000000704200000, 0x0000000704200000, 0x0000000704400000|  0%| F|  |TAMS 0x0000000704200000, 0x0000000704200000| Untracked 
|  28|0x0000000704400000, 0x0000000704400000, 0x0000000704600000|  0%| F|  |TAMS 0x0000000704400000, 0x0000000704400000| Untracked 
|  29|0x0000000704600000, 0x0000000704600000, 0x0000000704800000|  0%| F|  |TAMS 0x0000000704600000, 0x0000000704600000| Untracked 
|  30|0x0000000704800000, 0x0000000704800000, 0x0000000704a00000|  0%| F|  |TAMS 0x0000000704800000, 0x0000000704800000| Untracked 
|  31|0x0000000704a00000, 0x0000000704a00000, 0x0000000704c00000|  0%| F|  |TAMS 0x0000000704a00000, 0x0000000704a00000| Untracked 
|  32|0x0000000704c00000, 0x0000000704c00000, 0x0000000704e00000|  0%| F|  |TAMS 0x0000000704c00000, 0x0000000704c00000| Untracked 
|  33|0x0000000704e00000, 0x0000000704e00000, 0x0000000705000000|  0%| F|  |TAMS 0x0000000704e00000, 0x0000000704e00000| Untracked 
|  34|0x0000000705000000, 0x0000000705000000, 0x0000000705200000|  0%| F|  |TAMS 0x0000000705000000, 0x0000000705000000| Untracked 
|  35|0x0000000705200000, 0x0000000705200000, 0x0000000705400000|  0%| F|  |TAMS 0x0000000705200000, 0x0000000705200000| Untracked 
|  36|0x0000000705400000, 0x0000000705400000, 0x0000000705600000|  0%| F|  |TAMS 0x0000000705400000, 0x0000000705400000| Untracked 
|  37|0x0000000705600000, 0x0000000705600000, 0x0000000705800000|  0%| F|  |TAMS 0x0000000705600000, 0x0000000705600000| Untracked 
|  38|0x0000000705800000, 0x0000000705800000, 0x0000000705a00000|  0%| F|  |TAMS 0x0000000705800000, 0x0000000705800000| Untracked 
|  39|0x0000000705a00000, 0x0000000705a00000, 0x0000000705c00000|  0%| F|  |TAMS 0x0000000705a00000, 0x0000000705a00000| Untracked 
|  40|0x0000000705c00000, 0x0000000705c00000, 0x0000000705e00000|  0%| F|  |TAMS 0x0000000705c00000, 0x0000000705c00000| Untracked 
|  41|0x0000000705e00000, 0x0000000705e00000, 0x0000000706000000|  0%| F|  |TAMS 0x0000000705e00000, 0x0000000705e00000| Untracked 
|  42|0x0000000706000000, 0x0000000706000000, 0x0000000706200000|  0%| F|  |TAMS 0x0000000706000000, 0x0000000706000000| Untracked 
|  43|0x0000000706200000, 0x0000000706200000, 0x0000000706400000|  0%| F|  |TAMS 0x0000000706200000, 0x0000000706200000| Untracked 
|  44|0x0000000706400000, 0x0000000706400000, 0x0000000706600000|  0%| F|  |TAMS 0x0000000706400000, 0x0000000706400000| Untracked 
|  45|0x0000000706600000, 0x0000000706600000, 0x0000000706800000|  0%| F|  |TAMS 0x0000000706600000, 0x0000000706600000| Untracked 
|  46|0x0000000706800000, 0x0000000706800000, 0x0000000706a00000|  0%| F|  |TAMS 0x0000000706800000, 0x0000000706800000| Untracked 
|  47|0x0000000706a00000, 0x0000000706a00000, 0x0000000706c00000|  0%| F|  |TAMS 0x0000000706a00000, 0x0000000706a00000| Untracked 
|  48|0x0000000706c00000, 0x0000000706c00000, 0x0000000706e00000|  0%| F|  |TAMS 0x0000000706c00000, 0x0000000706c00000| Untracked 
|  49|0x0000000706e00000, 0x0000000706e00000, 0x0000000707000000|  0%| F|  |TAMS 0x0000000706e00000, 0x0000000706e00000| Untracked 
|  50|0x0000000707000000, 0x0000000707000000, 0x0000000707200000|  0%| F|  |TAMS 0x0000000707000000, 0x0000000707000000| Untracked 
|  51|0x0000000707200000, 0x0000000707200000, 0x0000000707400000|  0%| F|  |TAMS 0x0000000707200000, 0x0000000707200000| Untracked 
|  52|0x0000000707400000, 0x0000000707400000, 0x0000000707600000|  0%| F|  |TAMS 0x0000000707400000, 0x0000000707400000| Untracked 
|  53|0x0000000707600000, 0x0000000707600000, 0x0000000707800000|  0%| F|  |TAMS 0x0000000707600000, 0x0000000707600000| Untracked 
|  54|0x0000000707800000, 0x0000000707800000, 0x0000000707a00000|  0%| F|  |TAMS 0x0000000707800000, 0x0000000707800000| Untracked 
|  55|0x0000000707a00000, 0x0000000707a00000, 0x0000000707c00000|  0%| F|  |TAMS 0x0000000707a00000, 0x0000000707a00000| Untracked 
|  56|0x0000000707c00000, 0x0000000707c00000, 0x0000000707e00000|  0%| F|  |TAMS 0x0000000707c00000, 0x0000000707c00000| Untracked 
|  57|0x0000000707e00000, 0x0000000707e00000, 0x0000000708000000|  0%| F|  |TAMS 0x0000000707e00000, 0x0000000707e00000| Untracked 
|  58|0x0000000708000000, 0x0000000708000000, 0x0000000708200000|  0%| F|  |TAMS 0x0000000708000000, 0x0000000708000000| Untracked 
|  59|0x0000000708200000, 0x0000000708200000, 0x0000000708400000|  0%| F|  |TAMS 0x0000000708200000, 0x0000000708200000| Untracked 
|  60|0x0000000708400000, 0x0000000708400000, 0x0000000708600000|  0%| F|  |TAMS 0x0000000708400000, 0x0000000708400000| Untracked 
|  61|0x0000000708600000, 0x0000000708600000, 0x0000000708800000|  0%| F|  |TAMS 0x0000000708600000, 0x0000000708600000| Untracked 
|  62|0x0000000708800000, 0x0000000708800000, 0x0000000708a00000|  0%| F|  |TAMS 0x0000000708800000, 0x0000000708800000| Untracked 
|  63|0x0000000708a00000, 0x0000000708a00000, 0x0000000708c00000|  0%| F|  |TAMS 0x0000000708a00000, 0x0000000708a00000| Untracked 
|  64|0x0000000708c00000, 0x0000000708c00000, 0x0000000708e00000|  0%| F|  |TAMS 0x0000000708c00000, 0x0000000708c00000| Untracked 
|  65|0x0000000708e00000, 0x0000000708e00000, 0x0000000709000000|  0%| F|  |TAMS 0x0000000708e00000, 0x0000000708e00000| Untracked 
|  66|0x0000000709000000, 0x0000000709000000, 0x0000000709200000|  0%| F|  |TAMS 0x0000000709000000, 0x0000000709000000| Untracked 
|  67|0x0000000709200000, 0x0000000709200000, 0x0000000709400000|  0%| F|  |TAMS 0x0000000709200000, 0x0000000709200000| Untracked 
|  68|0x0000000709400000, 0x0000000709400000, 0x0000000709600000|  0%| F|  |TAMS 0x0000000709400000, 0x0000000709400000| Untracked 
|  69|0x0000000709600000, 0x0000000709600000, 0x0000000709800000|  0%| F|  |TAMS 0x0000000709600000, 0x0000000709600000| Untracked 
|  70|0x0000000709800000, 0x0000000709800000, 0x0000000709a00000|  0%| F|  |TAMS 0x0000000709800000, 0x0000000709800000| Untracked 
|  71|0x0000000709a00000, 0x0000000709a00000, 0x0000000709c00000|  0%| F|  |TAMS 0x0000000709a00000, 0x0000000709a00000| Untracked 
|  72|0x0000000709c00000, 0x0000000709c00000, 0x0000000709e00000|  0%| F|  |TAMS 0x0000000709c00000, 0x0000000709c00000| Untracked 
|  73|0x0000000709e00000, 0x0000000709e00000, 0x000000070a000000|  0%| F|  |TAMS 0x0000000709e00000, 0x0000000709e00000| Untracked 
|  74|0x000000070a000000, 0x000000070a000000, 0x000000070a200000|  0%| F|  |TAMS 0x000000070a000000, 0x000000070a000000| Untracked 
|  75|0x000000070a200000, 0x000000070a200000, 0x000000070a400000|  0%| F|  |TAMS 0x000000070a200000, 0x000000070a200000| Untracked 
|  76|0x000000070a400000, 0x000000070a400000, 0x000000070a600000|  0%| F|  |TAMS 0x000000070a400000, 0x000000070a400000| Untracked 
|  77|0x000000070a600000, 0x000000070a600000, 0x000000070a800000|  0%| F|  |TAMS 0x000000070a600000, 0x000000070a600000| Untracked 
|  78|0x000000070a800000, 0x000000070a800000, 0x000000070aa00000|  0%| F|  |TAMS 0x000000070a800000, 0x000000070a800000| Untracked 
|  79|0x000000070aa00000, 0x000000070aa00000, 0x000000070ac00000|  0%| F|  |TAMS 0x000000070aa00000, 0x000000070aa00000| Untracked 
|  80|0x000000070ac00000, 0x000000070ac00000, 0x000000070ae00000|  0%| F|  |TAMS 0x000000070ac00000, 0x000000070ac00000| Untracked 
|  81|0x000000070ae00000, 0x000000070ae00000, 0x000000070b000000|  0%| F|  |TAMS 0x000000070ae00000, 0x000000070ae00000| Untracked 
|  82|0x000000070b000000, 0x000000070b000000, 0x000000070b200000|  0%| F|  |TAMS 0x000000070b000000, 0x000000070b000000| Untracked 
|  83|0x000000070b200000, 0x000000070b200000, 0x000000070b400000|  0%| F|  |TAMS 0x000000070b200000, 0x000000070b200000| Untracked 
|  84|0x000000070b400000, 0x000000070b400000, 0x000000070b600000|  0%| F|  |TAMS 0x000000070b400000, 0x000000070b400000| Untracked 
|  85|0x000000070b600000, 0x000000070b600000, 0x000000070b800000|  0%| F|  |TAMS 0x000000070b600000, 0x000000070b600000| Untracked 
|  86|0x000000070b800000, 0x000000070b800000, 0x000000070ba00000|  0%| F|  |TAMS 0x000000070b800000, 0x000000070b800000| Untracked 
|  87|0x000000070ba00000, 0x000000070ba00000, 0x000000070bc00000|  0%| F|  |TAMS 0x000000070ba00000, 0x000000070ba00000| Untracked 
|  88|0x000000070bc00000, 0x000000070bc00000, 0x000000070be00000|  0%| F|  |TAMS 0x000000070bc00000, 0x000000070bc00000| Untracked 
|  89|0x000000070be00000, 0x000000070be00000, 0x000000070c000000|  0%| F|  |TAMS 0x000000070be00000, 0x000000070be00000| Untracked 
|  90|0x000000070c000000, 0x000000070c000000, 0x000000070c200000|  0%| F|  |TAMS 0x000000070c000000, 0x000000070c000000| Untracked 
|  91|0x000000070c200000, 0x000000070c200000, 0x000000070c400000|  0%| F|  |TAMS 0x000000070c200000, 0x000000070c200000| Untracked 
|  92|0x000000070c400000, 0x000000070c400000, 0x000000070c600000|  0%| F|  |TAMS 0x000000070c400000, 0x000000070c400000| Untracked 
|  93|0x000000070c600000, 0x000000070c600000, 0x000000070c800000|  0%| F|  |TAMS 0x000000070c600000, 0x000000070c600000| Untracked 
|  94|0x000000070c800000, 0x000000070c800000, 0x000000070ca00000|  0%| F|  |TAMS 0x000000070c800000, 0x000000070c800000| Untracked 
|  95|0x000000070ca00000, 0x000000070ca00000, 0x000000070cc00000|  0%| F|  |TAMS 0x000000070ca00000, 0x000000070ca00000| Untracked 
|  96|0x000000070cc00000, 0x000000070cc00000, 0x000000070ce00000|  0%| F|  |TAMS 0x000000070cc00000, 0x000000070cc00000| Untracked 
|  97|0x000000070ce00000, 0x000000070ce00000, 0x000000070d000000|  0%| F|  |TAMS 0x000000070ce00000, 0x000000070ce00000| Untracked 
|  98|0x000000070d000000, 0x000000070d000000, 0x000000070d200000|  0%| F|  |TAMS 0x000000070d000000, 0x000000070d000000| Untracked 
|  99|0x000000070d200000, 0x000000070d200000, 0x000000070d400000|  0%| F|  |TAMS 0x000000070d200000, 0x000000070d200000| Untracked 
| 100|0x000000070d400000, 0x000000070d400000, 0x000000070d600000|  0%| F|  |TAMS 0x000000070d400000, 0x000000070d400000| Untracked 
| 101|0x000000070d600000, 0x000000070d600000, 0x000000070d800000|  0%| F|  |TAMS 0x000000070d600000, 0x000000070d600000| Untracked 
| 102|0x000000070d800000, 0x000000070d800000, 0x000000070da00000|  0%| F|  |TAMS 0x000000070d800000, 0x000000070d800000| Untracked 
| 103|0x000000070da00000, 0x000000070da00000, 0x000000070dc00000|  0%| F|  |TAMS 0x000000070da00000, 0x000000070da00000| Untracked 
| 104|0x000000070dc00000, 0x000000070dc00000, 0x000000070de00000|  0%| F|  |TAMS 0x000000070dc00000, 0x000000070dc00000| Untracked 
| 105|0x000000070de00000, 0x000000070de00000, 0x000000070e000000|  0%| F|  |TAMS 0x000000070de00000, 0x000000070de00000| Untracked 
| 106|0x000000070e000000, 0x000000070e000000, 0x000000070e200000|  0%| F|  |TAMS 0x000000070e000000, 0x000000070e000000| Untracked 
| 107|0x000000070e200000, 0x000000070e200000, 0x000000070e400000|  0%| F|  |TAMS 0x000000070e200000, 0x000000070e200000| Untracked 
| 108|0x000000070e400000, 0x000000070e581a08, 0x000000070e600000| 75%| S|CS|TAMS 0x000000070e400000, 0x000000070e400000| Complete 
| 109|0x000000070e600000, 0x000000070e600000, 0x000000070e800000|  0%| F|  |TAMS 0x000000070e600000, 0x000000070e600000| Untracked 
| 110|0x000000070e800000, 0x000000070e900800, 0x000000070ea00000| 50%| E|  |TAMS 0x000000070e800000, 0x000000070e800000| Complete 
| 111|0x000000070ea00000, 0x000000070ec00000, 0x000000070ec00000|100%| E|CS|TAMS 0x000000070ea00000, 0x000000070ea00000| Complete 
| 112|0x000000070ec00000, 0x000000070ee00000, 0x000000070ee00000|100%| E|CS|TAMS 0x000000070ec00000, 0x000000070ec00000| Complete 
| 113|0x000000070ee00000, 0x000000070f000000, 0x000000070f000000|100%| E|CS|TAMS 0x000000070ee00000, 0x000000070ee00000| Complete 
| 114|0x000000070f000000, 0x000000070f200000, 0x000000070f200000|100%| E|CS|TAMS 0x000000070f000000, 0x000000070f000000| Complete 
| 115|0x000000070f200000, 0x000000070f400000, 0x000000070f400000|100%| E|CS|TAMS 0x000000070f200000, 0x000000070f200000| Complete 
| 116|0x000000070f400000, 0x000000070f600000, 0x000000070f600000|100%| E|CS|TAMS 0x000000070f400000, 0x000000070f400000| Complete 
| 117|0x000000070f600000, 0x000000070f800000, 0x000000070f800000|100%| E|CS|TAMS 0x000000070f600000, 0x000000070f600000| Complete 
| 118|0x000000070f800000, 0x000000070fa00000, 0x000000070fa00000|100%| E|CS|TAMS 0x000000070f800000, 0x000000070f800000| Complete 
| 119|0x000000070fa00000, 0x000000070fc00000, 0x000000070fc00000|100%| E|CS|TAMS 0x000000070fa00000, 0x000000070fa00000| Complete 
| 120|0x000000070fc00000, 0x000000070fe00000, 0x000000070fe00000|100%| E|CS|TAMS 0x000000070fc00000, 0x000000070fc00000| Complete 
| 121|0x000000070fe00000, 0x0000000710000000, 0x0000000710000000|100%| E|CS|TAMS 0x000000070fe00000, 0x000000070fe00000| Complete 
| 122|0x0000000710000000, 0x0000000710200000, 0x0000000710200000|100%| E|CS|TAMS 0x0000000710000000, 0x0000000710000000| Complete 
| 123|0x0000000710200000, 0x0000000710400000, 0x0000000710400000|100%| E|CS|TAMS 0x0000000710200000, 0x0000000710200000| Complete 
| 124|0x0000000710400000, 0x0000000710600000, 0x0000000710600000|100%| E|CS|TAMS 0x0000000710400000, 0x0000000710400000| Complete 
| 125|0x0000000710600000, 0x0000000710800000, 0x0000000710800000|100%| E|CS|TAMS 0x0000000710600000, 0x0000000710600000| Complete 
| 126|0x0000000710800000, 0x0000000710a00000, 0x0000000710a00000|100%| E|CS|TAMS 0x0000000710800000, 0x0000000710800000| Complete 
| 127|0x0000000710a00000, 0x0000000710c00000, 0x0000000710c00000|100%| E|CS|TAMS 0x0000000710a00000, 0x0000000710a00000| Complete 

Card table byte_map: [0x000001d7cebf0000,0x000001d7cf3f0000] _byte_map_base: 0x000001d7cb3ea000

Marking Bits (Prev, Next): (CMBitMap*) 0x000001d7b568bcd0, (CMBitMap*) 0x000001d7b568bd10
 Prev Bits: [0x000001d7cfbf0000, 0x000001d7d3bc0000)
 Next Bits: [0x000001d7d3bc0000, 0x000001d7d7b90000)

Polling page: 0x000001d7b4de0000

Metaspace:

Usage:
  Non-class:     14.37 MB used.
      Class:      1.64 MB used.
       Both:     16.01 MB used.

Virtual space:
  Non-class space:       16.00 MB reserved,      14.50 MB ( 91%) committed,  2 nodes.
      Class space:        1.00 GB reserved,       1.75 MB ( <1%) committed,  1 nodes.
             Both:        1.02 GB reserved,      16.25 MB (  2%) committed. 

Chunk freelists:
   Non-Class:  1.17 MB
       Class:  2.20 MB
        Both:  3.38 MB

MaxMetaspaceSize: unlimited
CompressedClassSpaceSize: 1.00 GB
Initial GC threshold: 21.00 MB
Current GC threshold: 21.00 MB
CDS: on
MetaspaceReclaimPolicy: balanced
 - commit_granule_bytes: 65536.
 - commit_granule_words: 8192.
 - virtual_space_node_default_size: 1048576.
 - enlarge_chunks_in_place: 1.
 - new_chunks_are_fully_committed: 0.
 - uncommit_free_chunks: 1.
 - use_allocation_guard: 0.
 - handle_deallocations: 1.


Internal statistics:

num_allocs_failed_limit: 0.
num_arena_births: 110.
num_arena_deaths: 0.
num_vsnodes_births: 3.
num_vsnodes_deaths: 0.
num_space_committed: 260.
num_space_uncommitted: 0.
num_chunks_returned_to_freelist: 0.
num_chunks_taken_from_freelist: 441.
num_chunk_merges: 0.
num_chunk_splits: 368.
num_chunks_enlarged: 321.
num_purges: 0.
num_inconsistent_stats: 0.

CodeHeap 'non-profiled nmethods': size=119488Kb used=506Kb max_used=506Kb free=118981Kb
 bounds [0x000001d7c6c10000, 0x000001d7c6e80000, 0x000001d7ce0c0000]
CodeHeap 'profiled nmethods': size=119424Kb used=2753Kb max_used=2753Kb free=116670Kb
 bounds [0x000001d7bf770000, 0x000001d7bfa30000, 0x000001d7c6c10000]
CodeHeap 'non-nmethods': size=6848Kb used=2686Kb max_used=2688Kb free=4161Kb
 bounds [0x000001d7bf0c0000, 0x000001d7bf370000, 0x000001d7bf770000]
 total_blobs=2248 nmethods=1387 adapters=775
 compilation: enabled
              stopped_count=0, restarted_count=0
 full_count=0

JVMCI Events (20 events):
Event: 1.733 Thread 0x000001d7db009500 compacted oop handles in JVMCI runtime 0 from 78 to 40
Event: 1.776 Thread 0x000001d7db009500 compacted oop handles in JVMCI runtime 0 from 122 to 69
Event: 1.776 Thread 0x000001d7db009500 compacted oop handles in JVMCI runtime 0 from 70 to 58
Event: 1.782 Thread 0x000001d7db009500 compacted oop handles in JVMCI runtime 0 from 67 to 63
Event: 1.858 Thread 0x000001d7db009500 compacted oop handles in JVMCI runtime 0 from 84 to 51
Event: 1.866 Thread 0x000001d7db009500 compacted oop handles in JVMCI runtime 0 from 83 to 80
Event: 1.909 Thread 0x000001d7db009500 compacted oop handles in JVMCI runtime 0 from 95 to 93
Event: 2.096 Thread 0x000001d7db009500 compacted oop handles in JVMCI runtime 0 from 225 to 156
Event: 2.211 Thread 0x000001d7db009500 compacted oop handles in JVMCI runtime 0 from 157 to 87
Event: 2.223 Thread 0x000001d7db009500 compacted oop handles in JVMCI runtime 0 from 98 to 90
Event: 2.223 Thread 0x000001d7db009500 compacted oop handles in JVMCI runtime 0 from 91 to 44
Event: 2.224 Thread 0x000001d7db009500 compacted oop handles in JVMCI runtime 0 from 45 to 44
Event: 2.299 Thread 0x000001d7db009500 compacted oop handles in JVMCI runtime 0 from 57 to 53
Event: 2.299 Thread 0x000001d7db009500 compacted oop handles in JVMCI runtime 0 from 53 to 44
Event: 2.321 Thread 0x000001d7db009500 compacted oop handles in JVMCI runtime 0 from 65 to 53
Event: 2.350 Thread 0x000001d7db009500 compacted oop handles in JVMCI runtime 0 from 73 to 57
Event: 2.350 Thread 0x000001d7db009500 compacted oop handles in JVMCI runtime 0 from 58 to 51
Event: 2.378 Thread 0x000001d7db009500 compacted oop handles in JVMCI runtime 0 from 65 to 63
Event: 2.412 Thread 0x000001d7db009500 compacted oop handles in JVMCI runtime 0 from 71 to 63
Event: 2.444 Thread 0x000001d7db009500 compacted oop handles in JVMCI runtime 0 from 69 to 66

Compilation events (20 events):
Event: 2.350 Thread 0x000001d7db009500 1377       4       jdk.internal.util.Preconditions::checkIndex (18 bytes)
Event: 2.350 Thread 0x000001d7db009500 nmethod 1377 0x000001d7c6c89b10 code [0x000001d7c6c89c80, 0x000001d7c6c89ce0]
Event: 2.350 Thread 0x000001d7db009500 1379       4       jdk.internal.loader.URLClassPath$JarLoader$2::getCodeSourceURL (8 bytes)
Event: 2.351 Thread 0x000001d7db009500 nmethod 1379 0x000001d7c6c89e10 code [0x000001d7c6c89f80, 0x000001d7c6c8a000]
Event: 2.373 Thread 0x000001d7db009500 1380   !   4       java.util.zip.Inflater::inflate (418 bytes)
Event: 2.378 Thread 0x000001d7db009500 nmethod 1380 0x000001d7c6c8a110 code [0x000001d7c6c8a2c0, 0x000001d7c6c8a8a0]
Event: 2.382 Thread 0x000001d7db11a920 1381       3       java.util.Properties::getProperty (50 bytes)
Event: 2.382 Thread 0x000001d7db11a920 nmethod 1381 0x000001d7bfa1fa10 code [0x000001d7bfa1fbe0, 0x000001d7bfa20358]
Event: 2.398 Thread 0x000001d7db009500 1382   !   4       java.util.concurrent.ConcurrentHashMap::transfer (849 bytes)
Event: 2.412 Thread 0x000001d7db009500 nmethod 1382 0x000001d7c6c8ac90 code [0x000001d7c6c8aea0, 0x000001d7c6c8c660]
Event: 2.415 Thread 0x000001d7db009500 1383       4       kotlin.jvm.internal.Intrinsics::checkNotNullParameter (9 bytes)
Event: 2.416 Thread 0x000001d7db009500 nmethod 1383 0x000001d7c6c8d210 code [0x000001d7c6c8d380, 0x000001d7c6c8d3d0]
Event: 2.416 Thread 0x000001d7db009500 1384       4       java.lang.StringUTF16::compress (20 bytes)
Event: 2.417 Thread 0x000001d7db009500 nmethod 1384 0x000001d7c6c8d510 code [0x000001d7c6c8d680, 0x000001d7c6c8d8f8]
Event: 2.423 Thread 0x000001d7db011e20 1385       1       androidx.compose.runtime.collection.IdentityArraySet::getSize (5 bytes)
Event: 2.423 Thread 0x000001d7db011e20 nmethod 1385 0x000001d7c6c8da10 code [0x000001d7c6c8dba0, 0x000001d7c6c8dc78]
Event: 2.427 Thread 0x000001d7db011e20 1386       1       androidx.compose.runtime.collection.MutableVector::getSize (5 bytes)
Event: 2.427 Thread 0x000001d7db011e20 nmethod 1386 0x000001d7c6c8dd10 code [0x000001d7c6c8dea0, 0x000001d7c6c8df78]
Event: 2.437 Thread 0x000001d7db009500 1387       4       java.lang.String::<init> (74 bytes)
Event: 2.444 Thread 0x000001d7db009500 nmethod 1387 0x000001d7c6c8e010 code [0x000001d7c6c8e1c0, 0x000001d7c6c8e848]

GC Heap History (4 events):
Event: 1.240 GC heap before
{Heap before GC invocations=0 (full 0):
 garbage-first heap   total 262144K, used 20480K [0x0000000700c00000, 0x0000000800000000)
  region size 2048K, 11 young (22528K), 0 survivors (0K)
 Metaspace       used 3441K, committed 3648K, reserved 1056768K
  class space    used 214K, committed 320K, reserved 1048576K
}
Event: 1.243 GC heap after
{Heap after GC invocations=1 (full 0):
 garbage-first heap   total 262144K, used 3367K [0x0000000700c00000, 0x0000000800000000)
  region size 2048K, 2 young (4096K), 2 survivors (4096K)
 Metaspace       used 3441K, committed 3648K, reserved 1056768K
  class space    used 214K, committed 320K, reserved 1048576K
}
Event: 1.896 GC heap before
{Heap before GC invocations=1 (full 0):
 garbage-first heap   total 262144K, used 36135K [0x0000000700c00000, 0x0000000800000000)
  region size 2048K, 19 young (38912K), 2 survivors (4096K)
 Metaspace       used 11394K, committed 11520K, reserved 1064960K
  class space    used 1087K, committed 1152K, reserved 1048576K
}
Event: 1.899 GC heap after
{Heap after GC invocations=2 (full 0):
 garbage-first heap   total 262144K, used 4769K [0x0000000700c00000, 0x0000000800000000)
  region size 2048K, 1 young (2048K), 1 survivors (2048K)
 Metaspace       used 11394K, committed 11520K, reserved 1064960K
  class space    used 1087K, committed 1152K, reserved 1048576K
}

Dll operation events (13 events):
Event: 0.085 Loaded shared library E:\graalvm-ce-java17-22.3.0\bin\java.dll
Event: 0.087 Loaded shared library E:\graalvm-ce-java17-22.3.0\bin\zip.dll
Event: 0.095 Loaded shared library E:\graalvm-ce-java17-22.3.0\bin\jsvml.dll
Event: 0.174 Loaded shared library E:\graalvm-ce-java17-22.3.0\bin\jvmcicompiler.dll
Event: 0.805 Loaded shared library E:\graalvm-ce-java17-22.3.0\bin\instrument.dll
Event: 0.815 Loaded shared library E:\graalvm-ce-java17-22.3.0\bin\net.dll
Event: 0.817 Loaded shared library E:\graalvm-ce-java17-22.3.0\bin\nio.dll
Event: 0.821 Loaded shared library E:\graalvm-ce-java17-22.3.0\bin\zip.dll
Event: 0.945 Loaded shared library E:\graalvm-ce-java17-22.3.0\bin\jimage.dll
Event: 1.332 Loaded shared library E:\graalvm-ce-java17-22.3.0\bin\awt.dll
Event: 1.811 Loaded shared library C:\Users\jacob\.skiko\e3da94cac40c8b42732437cb0e61f94a162553334e31c3d0131003947c0a49b7\skiko-windows-x64.dll
Event: 1.935 Loaded shared library E:\graalvm-ce-java17-22.3.0\bin\freetype.dll
Event: 1.936 Loaded shared library E:\graalvm-ce-java17-22.3.0\bin\fontmanager.dll

Deoptimization events (20 events):
Event: 1.942 Thread 0x000001d7de4f5980 DEOPT PACKING pc=0x000001d7c6c35935 sp=0x0000004df65fc1c0
Event: 1.942 Thread 0x000001d7de4f5980 DEOPT UNPACKING pc=0x000001d7bf112945 sp=0x0000004df65fb630 mode 3
Event: 2.064 Thread 0x000001d7de4f5980 Uncommon trap: trap_request=0xffffffe5 fr.pc=0x000001d7c6c38e5f relative=0x000000000000023f
Event: 2.064 Thread 0x000001d7de4f5980 Uncommon trap: reason=range_check action=reinterpret pc=0x000001d7c6c38e5f method=java.lang.StringLatin1.indexOf([BI[BII)I @ 0 jvmci
Event: 2.064 Thread 0x000001d7de4f5980 DEOPT PACKING pc=0x000001d7c6c38e5f sp=0x0000004df65fc770
Event: 2.064 Thread 0x000001d7de4f5980 DEOPT UNPACKING pc=0x000001d7bf112945 sp=0x0000004df65fbbd0 mode 3
Event: 2.202 Thread 0x000001d7de4f5980 DEOPT PACKING pc=0x000001d7bfa12af9 sp=0x0000004df65fc170
Event: 2.202 Thread 0x000001d7de4f5980 DEOPT UNPACKING pc=0x000001d7bf112945 sp=0x0000004df65fb5d0 mode 0
Event: 2.207 Thread 0x000001d7de4f5980 DEOPT PACKING pc=0x000001d7bfa12af9 sp=0x0000004df65fb480
Event: 2.207 Thread 0x000001d7de4f5980 DEOPT UNPACKING pc=0x000001d7bf112945 sp=0x0000004df65fa8e0 mode 0
Event: 2.221 Thread 0x000001d7de4f5980 DEOPT PACKING pc=0x000001d7bfa12af9 sp=0x0000004df65f8ce0
Event: 2.221 Thread 0x000001d7de4f5980 DEOPT UNPACKING pc=0x000001d7bf112945 sp=0x0000004df65f8140 mode 0
Event: 2.227 Thread 0x000001d7de4f5980 DEOPT PACKING pc=0x000001d7bfa12af9 sp=0x0000004df65faaf0
Event: 2.227 Thread 0x000001d7de4f5980 DEOPT UNPACKING pc=0x000001d7bf112945 sp=0x0000004df65f9f50 mode 0
Event: 2.233 Thread 0x000001d7de4f5980 DEOPT PACKING pc=0x000001d7bf9f8186 sp=0x0000004df65fafe0
Event: 2.233 Thread 0x000001d7de4f5980 DEOPT UNPACKING pc=0x000001d7bf112945 sp=0x0000004df65fa450 mode 0
Event: 2.316 Thread 0x000001d7de4f5980 DEOPT PACKING pc=0x000001d7bf8b6d24 sp=0x0000004df65f96a0
Event: 2.316 Thread 0x000001d7de4f5980 DEOPT UNPACKING pc=0x000001d7bf112945 sp=0x0000004df65f8b38 mode 1
Event: 2.316 Thread 0x000001d7de4f5980 DEOPT PACKING pc=0x000001d7bf8b113c sp=0x0000004df65f9770
Event: 2.316 Thread 0x000001d7de4f5980 DEOPT UNPACKING pc=0x000001d7bf112945 sp=0x0000004df65f8c28 mode 1

Classes unloaded (0 events):
No events

Classes redefined (0 events):
No events

Internal exceptions (16 events):
Event: 1.308 Thread 0x000001d7b561f400 Exception <a 'java/lang/ClassNotFoundException'{0x0000000710b960d0}: sun/awt/resources/spi/awtProvider> (0x0000000710b960d0) 
thrown [s\src\hotspot\share\classfile\systemDictionary.cpp, line 256]
Event: 1.357 Thread 0x000001d7b561f400 Exception <a 'java/io/FileNotFoundException'{0x0000000710821868}> (0x0000000710821868) 
thrown [s\src\hotspot\share\prims\jni.cpp, line 516]
Event: 1.364 Thread 0x000001d7b561f400 Exception <a 'java/io/FileNotFoundException'{0x0000000710852a68}> (0x0000000710852a68) 
thrown [s\src\hotspot\share\prims\jni.cpp, line 516]
Event: 1.394 Thread 0x000001d7b561f400 Exception <a 'java/lang/NoSuchMethodError'{0x00000007106b1498}: 'java.lang.Object java.lang.invoke.DirectMethodHandle$Holder.invokeStaticInit(java.lang.Object)'> (0x00000007106b1498) 
thrown [s\src\hotspot\share\interpreter\linkResolver.cpp, line 759]
Event: 1.754 Thread 0x000001d7de4f5980 Exception <a 'java/lang/NoSuchMethodError'{0x000000070f0a4298}: 'void java.lang.invoke.DirectMethodHandle$Holder.invokeSpecial(java.lang.Object, java.lang.Object, java.lang.Object)'> (0x000000070f0a4298) 
thrown [s\src\hotspot\share\interpreter\linkResolver.cpp, line 759]
Event: 1.760 Thread 0x000001d7de4f5980 Exception <a 'java/lang/NoSuchMethodError'{0x000000070f11b8d0}: 'java.lang.Object java.lang.invoke.DirectMethodHandle$Holder.newInvokeSpecial(java.lang.Object, java.lang.Object, java.lang.Object, java.lang.Object, java.lang.Object)'> (0x000000070f11b8d0) 
thrown [s\src\hotspot\share\interpreter\linkResolver.cpp, line 759]
Event: 1.761 Thread 0x000001d7de4f5980 Exception <a 'java/lang/NoSuchMethodError'{0x000000070f1277d8}: 'java.lang.Object java.lang.invoke.DirectMethodHandle$Holder.invokeStatic(java.lang.Object, int, java.lang.Object, java.lang.Object, java.lang.Object, java.lang.Object)'> (0x000000070f1277d8) 
thrown [s\src\hotspot\share\interpreter\linkResolver.cpp, line 759]
Event: 1.764 Thread 0x000001d7de4f5980 Exception <a 'java/lang/NoSuchMethodError'{0x000000070f14e150}: 'java.lang.Object java.lang.invoke.DirectMethodHandle$Holder.invokeStatic(java.lang.Object, int, java.lang.Object)'> (0x000000070f14e150) 
thrown [s\src\hotspot\share\interpreter\linkResolver.cpp, line 759]
Event: 1.787 Thread 0x000001d7de4f5980 Exception <a 'java/lang/ClassNotFoundException'{0x000000070ee29170}: com/sun/swing/internal/plaf/metal/resources/spi/metalProvider> (0x000000070ee29170) 
thrown [s\src\hotspot\share\classfile\systemDictionary.cpp, line 256]
Event: 1.788 Thread 0x000001d7de4f5980 Exception <a 'java/lang/ClassNotFoundException'{0x000000070ee328c8}: com/sun/swing/internal/plaf/basic/resources/spi/basicProvider> (0x000000070ee328c8) 
thrown [s\src\hotspot\share\classfile\systemDictionary.cpp, line 256]
Event: 1.792 Thread 0x000001d7de4f5980 Implicit null exception at 0x000001d7c6c723d5 to 0x000001d7c6c72703
Event: 1.795 Thread 0x000001d7de4f5980 Implicit null exception at 0x000001d7c6c3227f to 0x000001d7c6c327ed
Event: 1.795 Thread 0x000001d7de4f5980 Implicit null exception at 0x000001d7c6c3367f to 0x000001d7c6c33bd1
Event: 1.864 Thread 0x000001d7de4f5980 Exception <a 'java/lang/NoSuchMethodError'{0x000000070e935760}: 'void java.lang.invoke.DirectMethodHandle$Holder.invokeStatic(java.lang.Object, java.lang.Object, java.lang.Object)'> (0x000000070e935760) 
thrown [s\src\hotspot\share\interpreter\linkResolver.cpp, line 759]
Event: 1.930 Thread 0x000001d7de4f5980 Exception <a 'java/lang/NoSuchMethodError'{0x0000000710886fa0}: 'void java.lang.invoke.DirectMethodHandle$Holder.invokeStaticInit(java.lang.Object)'> (0x0000000710886fa0) 
thrown [s\src\hotspot\share\interpreter\linkResolver.cpp, line 759]
Event: 2.438 Thread 0x000001d7de4f5980 Exception <a 'java/lang/NoSuchMethodError'{0x000000070e80c4c0}: static Lorg/jetbrains/skiko/RenderExceptionsHandler;.throwException(Ljava/lang/String;)V> (0x000000070e80c4c0) 
thrown [s\src\hotspot\share\prims\jni.cpp, line 1107]

VM Operations (20 events):
Event: 0.818 Executing VM operation: HandshakeAllThreads
Event: 0.818 Executing VM operation: HandshakeAllThreads done
Event: 1.220 Executing VM operation: HandshakeAllThreads
Event: 1.220 Executing VM operation: HandshakeAllThreads done
Event: 1.240 Executing VM operation: G1CollectForAllocation
Event: 1.266 Executing VM operation: G1CollectForAllocation done
Event: 1.854 Executing VM operation: HandshakeAllThreads
Event: 1.854 Executing VM operation: HandshakeAllThreads done
Event: 1.854 Executing VM operation: HandshakeAllThreads
Event: 1.854 Executing VM operation: HandshakeAllThreads done
Event: 1.859 Executing VM operation: HandshakeAllThreads
Event: 1.859 Executing VM operation: HandshakeAllThreads done
Event: 1.896 Executing VM operation: G1CollectForAllocation
Event: 1.899 Executing VM operation: G1CollectForAllocation done
Event: 2.290 Executing VM operation: ChangeBreakpoints
Event: 2.290 Executing VM operation: ChangeBreakpoints done
Event: 2.291 Executing VM operation: ChangeBreakpoints
Event: 2.291 Executing VM operation: ChangeBreakpoints done
Event: 2.291 Executing VM operation: ChangeBreakpoints
Event: 2.291 Executing VM operation: ChangeBreakpoints done

Events (20 events):
Event: 2.427 loading class androidx/compose/ui/node/LayoutNodeWrapper$invoke$1
Event: 2.427 loading class androidx/compose/ui/node/LayoutNodeWrapper$invoke$1 done
Event: 2.427 loading class androidx/compose/ui/text/TextPainter
Event: 2.427 loading class androidx/compose/ui/text/TextPainter done
Event: 2.428 loading class org/jetbrains/skia/Picture
Event: 2.428 loading class org/jetbrains/skia/Picture done
Event: 2.429 loading class org/jetbrains/skia/Picture$Companion
Event: 2.429 loading class org/jetbrains/skia/Picture$Companion done
Event: 2.429 loading class org/jetbrains/skiko/PictureHolder
Event: 2.429 loading class org/jetbrains/skiko/PictureHolder done
Event: 2.430 loading class org/jetbrains/skia/DirectContext
Event: 2.430 loading class org/jetbrains/skia/DirectContext done
Event: 2.430 loading class org/jetbrains/skia/DirectContext$Companion
Event: 2.430 loading class org/jetbrains/skia/DirectContext$Companion done
Event: 2.432 loading class org/jetbrains/skia/DirectContextKt
Event: 2.432 loading class org/jetbrains/skia/DirectContextKt done
Event: 2.437 loading class org/jetbrains/skiko/RenderExceptionsHandler
Event: 2.437 loading class org/jetbrains/skiko/RenderExceptionsHandler done
Event: 2.438 loading class org/jetbrains/skiko/RenderExceptionsHandler$Companion
Event: 2.438 loading class org/jetbrains/skiko/RenderExceptionsHandler$Companion done


Dynamic libraries:
0x00007ff6189c0000 - 0x00007ff6189ce000 	E:\graalvm-ce-java17-22.3.0\bin\java.exe
0x00007fffc62d0000 - 0x00007fffc64c8000 	C:\Windows\SYSTEM32\ntdll.dll
0x00007fffc5f30000 - 0x00007fffc5fef000 	C:\Windows\System32\KERNEL32.DLL
0x00007fffc3bc0000 - 0x00007fffc3e92000 	C:\Windows\System32\KERNELBASE.dll
0x00007fffc41e0000 - 0x00007fffc42e0000 	C:\Windows\System32\ucrtbase.dll
0x00007fffbbf30000 - 0x00007fffbbf47000 	E:\graalvm-ce-java17-22.3.0\bin\jli.dll
0x00007fffbc110000 - 0x00007fffbc12b000 	E:\graalvm-ce-java17-22.3.0\bin\VCRUNTIME140.dll
0x00007fffc5a20000 - 0x00007fffc5bc1000 	C:\Windows\System32\USER32.dll
0x00007fffc42e0000 - 0x00007fffc4302000 	C:\Windows\System32\win32u.dll
0x00007fffc59f0000 - 0x00007fffc5a1b000 	C:\Windows\System32\GDI32.dll
0x00007fffc3ab0000 - 0x00007fffc3bbf000 	C:\Windows\System32\gdi32full.dll
0x00007fffc4140000 - 0x00007fffc41dd000 	C:\Windows\System32\msvcp_win.dll
0x00007fffc2cb0000 - 0x00007fffc2f4a000 	C:\Windows\WinSxS\amd64_microsoft.windows.common-controls_6595b64144ccf1df_6.0.19041.1110_none_60b5254171f9507e\COMCTL32.dll
0x00007fffc4cb0000 - 0x00007fffc4d4e000 	C:\Windows\System32\msvcrt.dll
0x00007fffc5900000 - 0x00007fffc5932000 	C:\Windows\System32\IMM32.DLL
0x00007fffc35a0000 - 0x00007fffc35ac000 	E:\graalvm-ce-java17-22.3.0\bin\vcruntime140_1.dll
0x00007fffbb750000 - 0x00007fffbb7de000 	E:\graalvm-ce-java17-22.3.0\bin\msvcp140.dll
0x00007fff6b230000 - 0x00007fff6bdf9000 	E:\graalvm-ce-java17-22.3.0\bin\server\jvm.dll
0x00007fffc44b0000 - 0x00007fffc455e000 	C:\Windows\System32\ADVAPI32.dll
0x00007fffc5940000 - 0x00007fffc59dc000 	C:\Windows\System32\sechost.dll
0x00007fffc4310000 - 0x00007fffc4435000 	C:\Windows\System32\RPCRT4.dll
0x00007fffbeca0000 - 0x00007fffbecaa000 	C:\Windows\SYSTEM32\VERSION.dll
0x00007fffb9590000 - 0x00007fffb95b7000 	C:\Windows\SYSTEM32\WINMM.dll
0x00007fffc0080000 - 0x00007fffc0089000 	C:\Windows\SYSTEM32\WSOCK32.dll
0x00007fffc5750000 - 0x00007fffc57bb000 	C:\Windows\System32\WS2_32.dll
0x00007fffc1230000 - 0x00007fffc1242000 	C:\Windows\SYSTEM32\kernel.appcore.dll
0x00007fffc3540000 - 0x00007fffc354a000 	E:\graalvm-ce-java17-22.3.0\bin\jimage.dll
0x00007fffc31b0000 - 0x00007fffc3394000 	C:\Windows\SYSTEM32\DBGHELP.DLL
0x00007fffc3150000 - 0x00007fffc3185000 	C:\Windows\SYSTEM32\dbgcore.DLL
0x00007fffc4000000 - 0x00007fffc4082000 	C:\Windows\System32\bcryptPrimitives.dll
0x00007fffb0d00000 - 0x00007fffb0d3b000 	E:\graalvm-ce-java17-22.3.0\bin\jdwp.dll
0x00007fffc0240000 - 0x00007fffc024e000 	E:\graalvm-ce-java17-22.3.0\bin\instrument.dll
0x00007fffbba70000 - 0x00007fffbba95000 	E:\graalvm-ce-java17-22.3.0\bin\java.dll
0x00007fffbb6f0000 - 0x00007fffbb708000 	E:\graalvm-ce-java17-22.3.0\bin\zip.dll
0x00007fffba7f0000 - 0x00007fffba8c7000 	E:\graalvm-ce-java17-22.3.0\bin\jsvml.dll
0x00007fffc4560000 - 0x00007fffc4ca4000 	C:\Windows\System32\SHELL32.dll
0x00007fffc1430000 - 0x00007fffc1bc2000 	C:\Windows\SYSTEM32\windows.storage.dll
0x00007fffc5bd0000 - 0x00007fffc5f25000 	C:\Windows\System32\combase.dll
0x00007fffc2f50000 - 0x00007fffc2f80000 	C:\Windows\SYSTEM32\Wldp.dll
0x00007fffc56a0000 - 0x00007fffc574d000 	C:\Windows\System32\SHCORE.dll
0x00007fffc58a0000 - 0x00007fffc58f5000 	C:\Windows\System32\shlwapi.dll
0x00007fffc3900000 - 0x00007fffc391f000 	C:\Windows\SYSTEM32\profapi.dll
0x00007fff69230000 - 0x00007fff6b225000 	E:\graalvm-ce-java17-22.3.0\bin\jvmcicompiler.dll
0x00007fffc3880000 - 0x00007fffc38ae000 	C:\Windows\SYSTEM32\USERENV.dll
0x00007fffc2fc0000 - 0x00007fffc2fe7000 	C:\Windows\SYSTEM32\ncrypt.dll
0x00007fffc2700000 - 0x00007fffc273b000 	C:\Windows\SYSTEM32\IPHLPAPI.DLL
0x00007fffc2f80000 - 0x00007fffc2fbb000 	C:\Windows\SYSTEM32\NTASN1.dll
0x00007fffc29f0000 - 0x00007fffc2a5a000 	C:\Windows\system32\mswsock.dll
0x00007fffc0230000 - 0x00007fffc023c000 	E:\graalvm-ce-java17-22.3.0\bin\dt_socket.dll
0x00007fffbb730000 - 0x00007fffbb749000 	E:\graalvm-ce-java17-22.3.0\bin\net.dll
0x00007fffbd930000 - 0x00007fffbda3c000 	C:\Windows\SYSTEM32\WINHTTP.dll
0x00007fffbb710000 - 0x00007fffbb726000 	E:\graalvm-ce-java17-22.3.0\bin\nio.dll
0x00007fff8af10000 - 0x00007fff8b09e000 	E:\graalvm-ce-java17-22.3.0\bin\awt.dll
0x00007fffc61a0000 - 0x00007fffc626d000 	C:\Windows\System32\OLEAUT32.dll
0x00007fffc0c90000 - 0x00007fffc0d21000 	C:\Windows\SYSTEM32\apphelp.dll
0x00007fffc0e20000 - 0x00007fffc0ebe000 	C:\Windows\system32\uxtheme.dll
0x00007fffc54a0000 - 0x00007fffc55b5000 	C:\Windows\System32\MSCTF.dll
0x00007fffc4ef0000 - 0x00007fffc501a000 	C:\Windows\System32\ole32.dll
0x00007fffc1120000 - 0x00007fffc114f000 	C:\Windows\system32\DWMAPI.DLL
0x00007fff66670000 - 0x00007fff66795000 	C:\Windows\system32\opengl32.dll
0x00007fff8b450000 - 0x00007fff8b47c000 	C:\Windows\SYSTEM32\GLU32.dll
0x00007fffb6480000 - 0x00007fffb6597000 	C:\Windows\System32\DriverStore\FileRepository\nv_dispi.inf_amd64_70cfb45e19c20af4\nvldumdx.dll
0x00007fffc3190000 - 0x00007fffc31a2000 	C:\Windows\SYSTEM32\msasn1.dll
0x00007fffbd8f0000 - 0x00007fffbd921000 	C:\Windows\SYSTEM32\cryptnet.dll
0x00007fffc3ea0000 - 0x00007fffc3ff6000 	C:\Windows\System32\CRYPT32.dll
0x00007fffbd7a0000 - 0x00007fffbd8e8000 	C:\Windows\SYSTEM32\drvstore.dll
0x00007fffc3770000 - 0x00007fffc379c000 	C:\Windows\SYSTEM32\devobj.dll
0x00007fffc39c0000 - 0x00007fffc3a0e000 	C:\Windows\System32\cfgmgr32.dll
0x00007fffc2b80000 - 0x00007fffc2b8c000 	C:\Windows\SYSTEM32\cryptbase.dll
0x00007fffc3a10000 - 0x00007fffc3a79000 	C:\Windows\System32\WINTRUST.DLL
0x00007fffc6270000 - 0x00007fffc628d000 	C:\Windows\System32\imagehlp.dll
0x00007fffc3750000 - 0x00007fffc3768000 	C:\Windows\SYSTEM32\CRYPTSP.dll
0x00007fffc2390000 - 0x00007fffc23c4000 	C:\Windows\system32\rsaenh.dll
0x00007fffc3a80000 - 0x00007fffc3aa7000 	C:\Windows\System32\bcrypt.dll
0x00007fff51d70000 - 0x00007fff5357a000 	C:\Windows\System32\DriverStore\FileRepository\nv_dispi.inf_amd64_70cfb45e19c20af4\nvd3dumx.dll
0x00007fff4ece0000 - 0x00007fff4efaf000 	C:\Windows\system32\nvspcap64.dll
0x00007fffc3710000 - 0x00007fffc3743000 	C:\Windows\SYSTEM32\ntmarta.dll
0x00007fffc1be0000 - 0x00007fffc1c03000 	C:\Windows\SYSTEM32\gpapi.dll
0x00007fffbff90000 - 0x00007fffbffcb000 	C:\Windows\SYSTEM32\dxcore.dll
0x00007fff66d90000 - 0x00007fff67d9f000 	C:\Users\jacob\.skiko\e3da94cac40c8b42732437cb0e61f94a162553334e31c3d0131003947c0a49b7\skiko-windows-x64.dll
0x00007fffb0bd0000 - 0x00007fffb0c56000 	E:\graalvm-ce-java17-22.3.0\bin\freetype.dll
0x00007fffb0b00000 - 0x00007fffb0bc5000 	E:\graalvm-ce-java17-22.3.0\bin\fontmanager.dll
0x00007fffc0220000 - 0x00007fffc0227000 	E:\graalvm-ce-java17-22.3.0\bin\jawt.dll
0x00007fffc1d30000 - 0x00007fffc1e23000 	C:\Windows\SYSTEM32\Dxgi.dll
0x00007fff7f710000 - 0x00007fff7f730000 	C:\Windows\SYSTEM32\D3D12.dll
0x00007fff57550000 - 0x00007fff5771d000 	C:\Windows\SYSTEM32\D3D12Core.dll
0x00007fff71c60000 - 0x00007fff7465a000 	C:\Windows\System32\DriverStore\FileRepository\nv_dispi.inf_amd64_70cfb45e19c20af4\nvwgf2umx.dll
0x00007fff6be10000 - 0x00007fff6be3b000 	C:\Windows\SYSTEM32\D3DSCache.dll
0x00007fffbdbc0000 - 0x00007fffbddc0000 	C:\Windows\SYSTEM32\twinapi.appcore.dll
0x00007fffa9660000 - 0x00007fffa98df000 	C:\Windows\SYSTEM32\dwrite.dll

dbghelp: loaded successfully - version: 4.0.5 - missing functions: none
symbol engine: initialized successfully - sym options: 0x614 - pdb path: .;E:\graalvm-ce-java17-22.3.0\bin;C:\Windows\SYSTEM32;C:\Windows\WinSxS\amd64_microsoft.windows.common-controls_6595b64144ccf1df_6.0.19041.1110_none_60b5254171f9507e;E:\graalvm-ce-java17-22.3.0\bin\server;C:\Windows\System32\DriverStore\FileRepository\nv_dispi.inf_amd64_70cfb45e19c20af4;C:\Users\jacob\.skiko\e3da94cac40c8b42732437cb0e61f94a162553334e31c3d0131003947c0a49b7

VM Arguments:
jvm_args: -XX:ThreadPriorityPolicy=1 -XX:+UnlockExperimentalVMOptions -XX:+EnableJVMCIProduct -XX:JVMCIThreadsPerNativeLibraryRuntime=1 -XX:-UnlockExperimentalVMOptions -agentlib:jdwp=transport=dt_socket,address=127.0.0.1:63401,suspend=y,server=n -Djava.library.path=C:\Users\jacob\OneDrive\Desktop\Projects\coeditor\build\classes\kotlin\jvm\main;C:\Users\jacob\OneDrive\Desktop\Projects\coeditor\build\processedResources\jvm\main -javaagent:C:/Users/jacob/.gradle/caches/modules-2/files-2.1/org.jetbrains.kotlinx/kotlinx-coroutines-core-jvm/1.6.1/97fd74ccf54a863d221956ffcd21835e168e2aaa/kotlinx-coroutines-core-jvm-1.6.1.jar -javaagent:C:\Users\jacob\AppData\Local\JetBrains\IntelliJIdea2022.2\captureAgent\debugger-agent.jar=file:/C:/Users/jacob/AppData/Local/Temp/capture.props -Dfile.encoding=UTF-8 
java_command: MainKt
java_class_path (initial): C:\Users\jacob\OneDrive\Desktop\Projects\coeditor\build\classes\kotlin\jvm\main;C:\Users\jacob\OneDrive\Desktop\Projects\coeditor\build\processedResources\jvm\main;C:\Users\jacob\.gradle\caches\modules-2\files-2.1\com.github.Qawaz.compose-code-editor\codeeditor-desktop\3.0.5\9b44a358a6e9708c52a37833e37899b04391d6a\codeeditor-desktop-3.0.5.jar;C:\Users\jacob\.gradle\caches\modules-2\files-2.1\org.lwjgl\lwjgl-nfd\3.3.1\2e007667e04ed3281152ae5c6e677fb1c2211691\lwjgl-nfd-3.3.1-natives-linux.jar;C:\Users\jacob\.gradle\caches\modules-2\files-2.1\org.jetbrains.kotlin\kotlin-stdlib-jdk8\1.7.20\eac6656981d9d7156e838467d2d8d79093b1570\kotlin-stdlib-jdk8-1.7.20.jar;C:\Users\jacob\.gradle\caches\modules-2\files-2.1\org.lwjgl\lwjgl-nfd\3.3.1\b3e04e317f55dd738d8a345cdafd15b39f85a2ea\lwjgl-nfd-3.3.1-natives-linux-arm32.jar;C:\Users\jacob\.gradle\caches\modules-2\files-2.1\org.lwjgl\lwjgl-nfd\3.3.1\622318116996ddcff449b46cb38f0fdee39b8ac3\lwjgl-nfd-3.3.1.jar;C:\Users\jacob\.gradle\caches\modules-2\files-2.1\org.lwjgl\lwjgl-nfd\3.3.1\f41dc62336f7ee4ab35705cfa440cc903d199165\lwjgl-nfd-3.3.1-natives-linux-arm64.jar;C:\Users\jacob\.gradle\caches\modules-2\files-2.1\org.lwjgl\lwjgl-nfd\3.3.1\589d2ffc6cbaad100af363afa31f870299198da1\lwjgl-nfd-3.3.1-natives-macos.jar;C:\Users\jacob\.gradle\caches\modules-2\files-2.1\org.lwjgl\lwjgl\3.3.1\ae58664f88e18a9bb2c77b063833ca7aaec484cb\lwjgl-3.3.1.jar;C:\Users\jacob\.gradle\caches\modules-2\files-2.1\org.jetbrains.compose.components\components-splitpane-desktop\1.2.2\483037787e06eb9b13cf8f3a27cba56eb9de4eb0\library-desktop-1.2.2.jar;C:\Users\jacob\.gradle\caches\modules-2\files-2.1\org.lwjgl\lwjgl-nfd\3.3.1\18b4cb2cccb1755ee193e826b5a58a429cd6433a\lwjgl-nfd-3.3.1-natives-macos-arm64.jar;C:\Users\jacob\.gradle\caches\modules-2\files-2.1\org.jetbrains.kotlinx\kotlinx-serialization-json-jvm\1.4.1\e6430b33f06dcdff88998abfcb2e78bc3cd0a1f6\kotlinx-serialization-json-jvm-1.4.1.jar;C:\Users\jacob\.gradle\caches\modules-2\file
Launcher Type: SUN_STANDARD

[Global flags]
     intx CICompilerCount                          = 4                                         {product} {ergonomic}
     uint ConcGCThreads                            = 2                                         {product} {ergonomic}
     bool EnableJVMCIProduct                       = true                                {JVMCI product} {jimage}
     uint G1ConcRefinementThreads                  = 8                                         {product} {ergonomic}
   size_t G1HeapRegionSize                         = 2097152                                   {product} {ergonomic}
    uintx GCDrainStackTargetSize                   = 64                                        {product} {ergonomic}
   size_t InitialHeapSize                          = 268435456                                 {product} {ergonomic}
     uint JVMCIThreadsPerNativeLibraryRuntime      = 1                                   {JVMCI product} {jimage}
   size_t MarkStackSize                            = 4194304                                   {product} {ergonomic}
   size_t MaxHeapSize                              = 4282384384                                {product} {ergonomic}
   size_t MaxNewSize                               = 2569011200                                {product} {ergonomic}
   size_t MinHeapDeltaBytes                        = 2097152                                   {product} {ergonomic}
   size_t MinHeapSize                              = 8388608                                   {product} {ergonomic}
    uintx NonNMethodCodeHeapSize                   = 6979620                                {pd product} {ergonomic}
    uintx NonProfiledCodeHeapSize                  = 122339310                              {pd product} {ergonomic}
    uintx ProfiledCodeHeapSize                     = 122339310                              {pd product} {ergonomic}
    uintx ReservedCodeCacheSize                    = 251658240                              {pd product} {ergonomic}
     bool SegmentedCodeCache                       = true                                      {product} {ergonomic}
   size_t SoftMaxHeapSize                          = 4282384384                             {manageable} {ergonomic}
     intx ThreadPriorityPolicy                     = 1                                         {product} {jimage}
     bool UseCompressedClassPointers               = true                           {product lp64_product} {ergonomic}
     bool UseCompressedOops                        = true                           {product lp64_product} {ergonomic}
     bool UseG1GC                                  = true                                      {product} {ergonomic}
     bool UseLargePagesIndividualAllocation        = false                                  {pd product} {ergonomic}

Logging:
Log output configuration:
 #0: stdout all=warning uptime,level,tags
 #1: stderr all=off uptime,level,tags

Environment Variables:
JAVA_HOME=C:\Program Files\Java\jdk-15.0.2\bin
PATH=C:\Program Files\Lapce\;E:\graalvm-ce-java17-22.3.0\bin;C:\Program Files\dotnet\;C:\Program Files\NVIDIA Corporation\NVIDIA NvDLISR;C:\Program Files\PowerShell\7\;C:\Users\jacob\AppData\Local\pnpm;C:\Users\jacob\scoop\shims;C:\Users\jacob\.cargo\bin;C:\Users\jacob\AppData\Local\Microsoft\WindowsApps;C:\Users\jacob\AppData\Local\Programs\Microsoft VS Code\bin;E:\Downloads\kotlin-compiler-1.4.31\kotlinc\bin;C:\Program Files\protoc\bin;C:\Program Files\NVIDIA Corporation\NVIDIA NvDLISR;C:\FPC\3.2.2\bin\i386-Win32;C:\Users\jacob\.cargo\bin;C:\Users\jacob\AppData\Local\Microsoft\WindowsApps;C:\Users\jacob\AppData\Local\Programs\Microsoft VS Code\bin;E:\Downloads\kotlin-compiler-1.4.31\kotlinc\bin;C:\Program Files\protoc\bin;C:\Program Files\NVIDIA Corporation\NVIDIA NvDLISR;C:\FPC\3.2.2\bin\i386-Win32;C:\Python39\python.exe;C:\WINDOWS\System32\WindowsPowerShell\v1.0\;C:\Users\jacob\AppData\Local\GitHubDesktop\bin;C:\Python39\python.exe;C:\Users\jacob\AppData\Roaming\npm;C:\Users\jacob\AppData\Local\GitHubDesktop\bin;C:\Program Files\nvim\bin;C:\Windows\system32;C:\Users\jacob\AppData\Roaming\nvm;C:\Program Files\nodejs;E:\IntelliJ IDEA 2022.1.1\bin;;C:\Program Files\JetBrains\JetBrains Rider 2022.1.1\bin;;C:\Users\jacob\.dotnet\tools;C:\Program Files\Azure Data Studio\bin;C:\ProgramData\chocolatey\lib\mingw\tools\install\mingw64\bin;C:\Users\jacob\AppData\Local\Programs\oh-my-posh\bin;C:\Program Files (x86)\Microsoft Visual Studio\2019\BuildTools\VC\Tools\MSVC\14.29.30133\bin\Hostx64\x64;
USERNAME=jacob
SHELL=C:\\Windows\\system32\\cmd.exe
OS=Windows_NT
PROCESSOR_IDENTIFIER=AMD64 Family 23 Model 113 Stepping 0, AuthenticAMD
TMP=C:\Users\jacob\AppData\Local\Temp
TEMP=C:\Users\jacob\AppData\Local\Temp



---------------  S Y S T E M  ---------------

OS:
 Windows 10 , 64 bit Build 19041 (10.0.19041.2364)
OS uptime: 9 days 1:03 hours

CPU: total 8 (initial active 8) (8 cores per cpu, 2 threads per core) family 23 model 113 stepping 0 microcode 0x0, cx8, cmov, fxsr, ht, mmx, 3dnowpref, sse, sse2, sse3, ssse3, sse4a, sse4.1, sse4.2, popcnt, lzcnt, tsc, tscinvbit, avx, avx2, aes, clmul, bmi1, bmi2, adx, sha, fma, vzeroupper, clflush, clflushopt

Memory: 4k page, system-wide physical 16333M (2804M free)
TotalPageFile size 23501M (AvailPageFile size 4166M)
current process WorkingSet (physical memory assigned to process): 222M, peak: 240M
current process commit charge ("private bytes"): 485M, peak: 506M

vm_info: OpenJDK 64-Bit Server VM (17.0.5+8-jvmci-22.3-b08) for windows-amd64 JRE (17.0.5+8-jvmci-22.3-b08), built on Oct 19 2022 02:02:43 by "" with MS VC++ 17.1 (VS2022)

END.
